<?xml version="1.0" encoding="UTF-8"?>
<!-- Generated by org.testng.reporters.JUnitReportReporter -->
<testsuite hostname="DESKTOP-8F0U43G" failures="0" tests="1" name="com.ltim.testbase.tc001_LoginTest" time="0.467" errors="0" timestamp="2024-12-26T21:05:06 IST" skipped="0">
  <testcase classname="com.ltim.testbase.tc001_LoginTest" name="verifyUserLogin" time="0.467"/>
</testsuite> <!-- com.ltim.testbase.tc001_LoginTest -->
