<?xml version="1.0" encoding="UTF-8"?>
<!-- Generated by org.testng.reporters.JUnitReportReporter -->
<testsuite hostname="DESKTOP-8F0U43G" failures="0" tests="1" name="com.ltim.testcases.tc001_LoginTest" time="0.758" errors="0" timestamp="2024-12-31T16:26:08 IST" skipped="0">
  <testcase classname="com.ltim.testcases.tc001_LoginTest" name="verifyUserLogin" time="0.758"/>
</testsuite> <!-- com.ltim.testcases.tc001_LoginTest -->
